<?xml version="1.0" encoding="UTF-8"?>
<!-- Generated by org.testng.reporters.JUnitReportReporter -->
<testsuite hostname="Motiurs-MBP.fios-router.home" failures="0" tests="7" name="pages.HomePageTest" time="34.070" errors="0" timestamp="2022-10-07T18:57:01 EDT" skipped="6">
  <testcase classname="pages.HomePageTest" name="logoTestclic02" time="34.070"/>
  <system-out/>
  <testcase classname="pages.HomePageTest" name="searchTest">
    <skipped/>
  </testcase> <!-- searchTest -->
  <system-out/>
  <testcase classname="pages.HomePageTest" name="addressTest">
    <skipped/>
  </testcase> <!-- addressTest -->
  <system-out/>
  <testcase classname="pages.HomePageTest" name="allButtonTest">
    <skipped/>
  </testcase> <!-- allButtonTest -->
  <system-out/>
  <testcase classname="pages.HomePageTest" name="logoTestclic">
    <skipped/>
  </testcase> <!-- logoTestclic -->
  <system-out/>
  <testcase classname="pages.HomePageTest" name="cartTest">
    <skipped/>
  </testcase> <!-- cartTest -->
  <system-out/>
  <testcase classname="pages.HomePageTest" name="logoTest">
    <skipped/>
  </testcase> <!-- logoTest -->
  <system-out/>
</testsuite> <!-- pages.HomePageTest -->
